2013/01/06 18:24:41 [error] [php] Use of undefined constant TESTIMONIAL - assumed 'TESTIMONIAL' (/var/www/yii/protected/views/testimonial/index.php:27)
Stack trace:
#0 /home/rajib/Documents/Yii Framework/yii/framework/web/CController.php(869): TestimonialController->renderFile()
#1 /home/rajib/Documents/Yii Framework/yii/framework/web/CController.php(782): TestimonialController->renderPartial()
#2 /var/www/yii/protected/controllers/TestimonialController.php(7): TestimonialController->render()
#3 /home/rajib/Documents/Yii Framework/yii/framework/web/actions/CInlineAction.php(49): TestimonialController->actionIndex()
#4 /home/rajib/Documents/Yii Framework/yii/framework/web/CController.php(308): CInlineAction->runWithParams()
#5 /home/rajib/Documents/Yii Framework/yii/framework/web/CController.php(286): TestimonialController->runAction()
#6 /home/rajib/Documents/Yii Framework/yii/framework/web/CController.php(265): TestimonialController->runActionWithFilters()
#7 /home/rajib/Documents/Yii Framework/yii/framework/web/CWebApplication.php(282): TestimonialController->run()
#8 /home/rajib/Documents/Yii Framework/yii/framework/web/CWebApplication.php(141): CWebApplication->runController()
#9 /home/rajib/Documents/Yii Framework/yii/framework/base/CApplication.php(169): CWebApplication->processRequest()
#10 /var/www/yii/index.php(13): CWebApplication->run()
REQUEST_URI=/yii/index.php?r=Testimonial
in /var/www/yii/protected/views/testimonial/index.php (27)
in /var/www/yii/protected/controllers/TestimonialController.php (7)
in /var/www/yii/index.php (13)
2013/01/06 18:24:44 [error] [php] Use of undefined constant TESTIMONIAL - assumed 'TESTIMONIAL' (/var/www/yii/protected/views/testimonial/index.php:27)
Stack trace:
#0 /home/rajib/Documents/Yii Framework/yii/framework/web/CController.php(869): TestimonialController->renderFile()
#1 /home/rajib/Documents/Yii Framework/yii/framework/web/CController.php(782): TestimonialController->renderPartial()
#2 /var/www/yii/protected/controllers/TestimonialController.php(7): TestimonialController->render()
#3 /home/rajib/Documents/Yii Framework/yii/framework/web/actions/CInlineAction.php(49): TestimonialController->actionIndex()
#4 /home/rajib/Documents/Yii Framework/yii/framework/web/CController.php(308): CInlineAction->runWithParams()
#5 /home/rajib/Documents/Yii Framework/yii/framework/web/CController.php(286): TestimonialController->runAction()
#6 /home/rajib/Documents/Yii Framework/yii/framework/web/CController.php(265): TestimonialController->runActionWithFilters()
#7 /home/rajib/Documents/Yii Framework/yii/framework/web/CWebApplication.php(282): TestimonialController->run()
#8 /home/rajib/Documents/Yii Framework/yii/framework/web/CWebApplication.php(141): CWebApplication->runController()
#9 /home/rajib/Documents/Yii Framework/yii/framework/base/CApplication.php(169): CWebApplication->processRequest()
#10 /var/www/yii/index.php(13): CWebApplication->run()
REQUEST_URI=/yii/index.php?r=Testimonial
in /var/www/yii/protected/views/testimonial/index.php (27)
in /var/www/yii/protected/controllers/TestimonialController.php (7)
in /var/www/yii/index.php (13)
2013/01/06 18:25:04 [error] [php] Use of undefined constant TESTIMONIAL - assumed 'TESTIMONIAL' (/var/www/yii/protected/views/testimonial/index.php:27)
Stack trace:
#0 /home/rajib/Documents/Yii Framework/yii/framework/web/CController.php(869): TestimonialController->renderFile()
#1 /home/rajib/Documents/Yii Framework/yii/framework/web/CController.php(782): TestimonialController->renderPartial()
#2 /var/www/yii/protected/controllers/TestimonialController.php(7): TestimonialController->render()
#3 /home/rajib/Documents/Yii Framework/yii/framework/web/actions/CInlineAction.php(49): TestimonialController->actionIndex()
#4 /home/rajib/Documents/Yii Framework/yii/framework/web/CController.php(308): CInlineAction->runWithParams()
#5 /home/rajib/Documents/Yii Framework/yii/framework/web/CController.php(286): TestimonialController->runAction()
#6 /home/rajib/Documents/Yii Framework/yii/framework/web/CController.php(265): TestimonialController->runActionWithFilters()
#7 /home/rajib/Documents/Yii Framework/yii/framework/web/CWebApplication.php(282): TestimonialController->run()
#8 /home/rajib/Documents/Yii Framework/yii/framework/web/CWebApplication.php(141): CWebApplication->runController()
#9 /home/rajib/Documents/Yii Framework/yii/framework/base/CApplication.php(169): CWebApplication->processRequest()
#10 /var/www/yii/index.php(13): CWebApplication->run()
REQUEST_URI=/yii/index.php?r=Testimonial
in /var/www/yii/protected/views/testimonial/index.php (27)
in /var/www/yii/protected/controllers/TestimonialController.php (7)
in /var/www/yii/index.php (13)
2013/01/06 18:25:05 [error] [php] Use of undefined constant TESTIMONIAL - assumed 'TESTIMONIAL' (/var/www/yii/protected/views/testimonial/index.php:27)
Stack trace:
#0 /home/rajib/Documents/Yii Framework/yii/framework/web/CController.php(869): TestimonialController->renderFile()
#1 /home/rajib/Documents/Yii Framework/yii/framework/web/CController.php(782): TestimonialController->renderPartial()
#2 /var/www/yii/protected/controllers/TestimonialController.php(7): TestimonialController->render()
#3 /home/rajib/Documents/Yii Framework/yii/framework/web/actions/CInlineAction.php(49): TestimonialController->actionIndex()
#4 /home/rajib/Documents/Yii Framework/yii/framework/web/CController.php(308): CInlineAction->runWithParams()
#5 /home/rajib/Documents/Yii Framework/yii/framework/web/CController.php(286): TestimonialController->runAction()
#6 /home/rajib/Documents/Yii Framework/yii/framework/web/CController.php(265): TestimonialController->runActionWithFilters()
#7 /home/rajib/Documents/Yii Framework/yii/framework/web/CWebApplication.php(282): TestimonialController->run()
#8 /home/rajib/Documents/Yii Framework/yii/framework/web/CWebApplication.php(141): CWebApplication->runController()
#9 /home/rajib/Documents/Yii Framework/yii/framework/base/CApplication.php(169): CWebApplication->processRequest()
#10 /var/www/yii/index.php(13): CWebApplication->run()
REQUEST_URI=/yii/index.php?r=Testimonial
in /var/www/yii/protected/views/testimonial/index.php (27)
in /var/www/yii/protected/controllers/TestimonialController.php (7)
in /var/www/yii/index.php (13)
2013/01/06 18:25:31 [error] [php] Use of undefined constant TESTIMONIAL - assumed 'TESTIMONIAL' (/var/www/yii/protected/views/testimonial/index.php:27)
Stack trace:
#0 /home/rajib/Documents/Yii Framework/yii/framework/web/CController.php(869): TestimonialController->renderFile()
#1 /home/rajib/Documents/Yii Framework/yii/framework/web/CController.php(782): TestimonialController->renderPartial()
#2 /var/www/yii/protected/controllers/TestimonialController.php(7): TestimonialController->render()
#3 /home/rajib/Documents/Yii Framework/yii/framework/web/actions/CInlineAction.php(49): TestimonialController->actionIndex()
#4 /home/rajib/Documents/Yii Framework/yii/framework/web/CController.php(308): CInlineAction->runWithParams()
#5 /home/rajib/Documents/Yii Framework/yii/framework/web/CController.php(286): TestimonialController->runAction()
#6 /home/rajib/Documents/Yii Framework/yii/framework/web/CController.php(265): TestimonialController->runActionWithFilters()
#7 /home/rajib/Documents/Yii Framework/yii/framework/web/CWebApplication.php(282): TestimonialController->run()
#8 /home/rajib/Documents/Yii Framework/yii/framework/web/CWebApplication.php(141): CWebApplication->runController()
#9 /home/rajib/Documents/Yii Framework/yii/framework/base/CApplication.php(169): CWebApplication->processRequest()
#10 /var/www/yii/index.php(13): CWebApplication->run()
REQUEST_URI=/yii/index.php?r=Testimonial
in /var/www/yii/protected/views/testimonial/index.php (27)
in /var/www/yii/protected/controllers/TestimonialController.php (7)
in /var/www/yii/index.php (13)
2013/01/06 18:25:32 [error] [php] Use of undefined constant TESTIMONIAL - assumed 'TESTIMONIAL' (/var/www/yii/protected/views/testimonial/index.php:27)
Stack trace:
#0 /home/rajib/Documents/Yii Framework/yii/framework/web/CController.php(869): TestimonialController->renderFile()
#1 /home/rajib/Documents/Yii Framework/yii/framework/web/CController.php(782): TestimonialController->renderPartial()
#2 /var/www/yii/protected/controllers/TestimonialController.php(7): TestimonialController->render()
#3 /home/rajib/Documents/Yii Framework/yii/framework/web/actions/CInlineAction.php(49): TestimonialController->actionIndex()
#4 /home/rajib/Documents/Yii Framework/yii/framework/web/CController.php(308): CInlineAction->runWithParams()
#5 /home/rajib/Documents/Yii Framework/yii/framework/web/CController.php(286): TestimonialController->runAction()
#6 /home/rajib/Documents/Yii Framework/yii/framework/web/CController.php(265): TestimonialController->runActionWithFilters()
#7 /home/rajib/Documents/Yii Framework/yii/framework/web/CWebApplication.php(282): TestimonialController->run()
#8 /home/rajib/Documents/Yii Framework/yii/framework/web/CWebApplication.php(141): CWebApplication->runController()
#9 /home/rajib/Documents/Yii Framework/yii/framework/base/CApplication.php(169): CWebApplication->processRequest()
#10 /var/www/yii/index.php(13): CWebApplication->run()
REQUEST_URI=/yii/index.php?r=Testimonial
in /var/www/yii/protected/views/testimonial/index.php (27)
in /var/www/yii/protected/controllers/TestimonialController.php (7)
in /var/www/yii/index.php (13)
2013/01/06 18:25:34 [error] [php] Use of undefined constant TESTIMONIAL - assumed 'TESTIMONIAL' (/var/www/yii/protected/views/testimonial/index.php:27)
Stack trace:
#0 /home/rajib/Documents/Yii Framework/yii/framework/web/CController.php(869): TestimonialController->renderFile()
#1 /home/rajib/Documents/Yii Framework/yii/framework/web/CController.php(782): TestimonialController->renderPartial()
#2 /var/www/yii/protected/controllers/TestimonialController.php(7): TestimonialController->render()
#3 /home/rajib/Documents/Yii Framework/yii/framework/web/actions/CInlineAction.php(49): TestimonialController->actionIndex()
#4 /home/rajib/Documents/Yii Framework/yii/framework/web/CController.php(308): CInlineAction->runWithParams()
#5 /home/rajib/Documents/Yii Framework/yii/framework/web/CController.php(286): TestimonialController->runAction()
#6 /home/rajib/Documents/Yii Framework/yii/framework/web/CController.php(265): TestimonialController->runActionWithFilters()
#7 /home/rajib/Documents/Yii Framework/yii/framework/web/CWebApplication.php(282): TestimonialController->run()
#8 /home/rajib/Documents/Yii Framework/yii/framework/web/CWebApplication.php(141): CWebApplication->runController()
#9 /home/rajib/Documents/Yii Framework/yii/framework/base/CApplication.php(169): CWebApplication->processRequest()
#10 /var/www/yii/index.php(13): CWebApplication->run()
REQUEST_URI=/yii/index.php?r=Testimonial
in /var/www/yii/protected/views/testimonial/index.php (27)
in /var/www/yii/protected/controllers/TestimonialController.php (7)
in /var/www/yii/index.php (13)
2013/01/06 18:26:25 [error] [php] Use of undefined constant TESTIMONIAL - assumed 'TESTIMONIAL' (/var/www/yii/protected/views/testimonial/index.php:27)
Stack trace:
#0 /home/rajib/Documents/Yii Framework/yii/framework/web/CController.php(869): TestimonialController->renderFile()
#1 /home/rajib/Documents/Yii Framework/yii/framework/web/CController.php(782): TestimonialController->renderPartial()
#2 /var/www/yii/protected/controllers/TestimonialController.php(7): TestimonialController->render()
#3 /home/rajib/Documents/Yii Framework/yii/framework/web/actions/CInlineAction.php(49): TestimonialController->actionIndex()
#4 /home/rajib/Documents/Yii Framework/yii/framework/web/CController.php(308): CInlineAction->runWithParams()
#5 /home/rajib/Documents/Yii Framework/yii/framework/web/CController.php(286): TestimonialController->runAction()
#6 /home/rajib/Documents/Yii Framework/yii/framework/web/CController.php(265): TestimonialController->runActionWithFilters()
#7 /home/rajib/Documents/Yii Framework/yii/framework/web/CWebApplication.php(282): TestimonialController->run()
#8 /home/rajib/Documents/Yii Framework/yii/framework/web/CWebApplication.php(141): CWebApplication->runController()
#9 /home/rajib/Documents/Yii Framework/yii/framework/base/CApplication.php(169): CWebApplication->processRequest()
#10 /var/www/yii/index.php(13): CWebApplication->run()
REQUEST_URI=/yii/index.php?r=Testimonial
in /var/www/yii/protected/views/testimonial/index.php (27)
in /var/www/yii/protected/controllers/TestimonialController.php (7)
in /var/www/yii/index.php (13)
2013/01/06 18:27:35 [error] [php] Use of undefined constant TESTIMONIAL - assumed 'TESTIMONIAL' (/var/www/yii/protected/views/testimonial/index.php:27)
Stack trace:
#0 /home/rajib/Documents/Yii Framework/yii/framework/web/CController.php(869): TestimonialController->renderFile()
#1 /home/rajib/Documents/Yii Framework/yii/framework/web/CController.php(782): TestimonialController->renderPartial()
#2 /var/www/yii/protected/controllers/TestimonialController.php(7): TestimonialController->render()
#3 /home/rajib/Documents/Yii Framework/yii/framework/web/actions/CInlineAction.php(49): TestimonialController->actionIndex()
#4 /home/rajib/Documents/Yii Framework/yii/framework/web/CController.php(308): CInlineAction->runWithParams()
#5 /home/rajib/Documents/Yii Framework/yii/framework/web/CController.php(286): TestimonialController->runAction()
#6 /home/rajib/Documents/Yii Framework/yii/framework/web/CController.php(265): TestimonialController->runActionWithFilters()
#7 /home/rajib/Documents/Yii Framework/yii/framework/web/CWebApplication.php(282): TestimonialController->run()
#8 /home/rajib/Documents/Yii Framework/yii/framework/web/CWebApplication.php(141): CWebApplication->runController()
#9 /home/rajib/Documents/Yii Framework/yii/framework/base/CApplication.php(169): CWebApplication->processRequest()
#10 /var/www/yii/index.php(13): CWebApplication->run()
REQUEST_URI=/yii/index.php?r=Testimonial
in /var/www/yii/protected/views/testimonial/index.php (27)
in /var/www/yii/protected/controllers/TestimonialController.php (7)
in /var/www/yii/index.php (13)
2013/01/06 18:27:36 [error] [php] Use of undefined constant TESTIMONIAL - assumed 'TESTIMONIAL' (/var/www/yii/protected/views/testimonial/index.php:27)
Stack trace:
#0 /home/rajib/Documents/Yii Framework/yii/framework/web/CController.php(869): TestimonialController->renderFile()
#1 /home/rajib/Documents/Yii Framework/yii/framework/web/CController.php(782): TestimonialController->renderPartial()
#2 /var/www/yii/protected/controllers/TestimonialController.php(7): TestimonialController->render()
#3 /home/rajib/Documents/Yii Framework/yii/framework/web/actions/CInlineAction.php(49): TestimonialController->actionIndex()
#4 /home/rajib/Documents/Yii Framework/yii/framework/web/CController.php(308): CInlineAction->runWithParams()
#5 /home/rajib/Documents/Yii Framework/yii/framework/web/CController.php(286): TestimonialController->runAction()
#6 /home/rajib/Documents/Yii Framework/yii/framework/web/CController.php(265): TestimonialController->runActionWithFilters()
#7 /home/rajib/Documents/Yii Framework/yii/framework/web/CWebApplication.php(282): TestimonialController->run()
#8 /home/rajib/Documents/Yii Framework/yii/framework/web/CWebApplication.php(141): CWebApplication->runController()
#9 /home/rajib/Documents/Yii Framework/yii/framework/base/CApplication.php(169): CWebApplication->processRequest()
#10 /var/www/yii/index.php(13): CWebApplication->run()
REQUEST_URI=/yii/index.php?r=Testimonial
in /var/www/yii/protected/views/testimonial/index.php (27)
in /var/www/yii/protected/controllers/TestimonialController.php (7)
in /var/www/yii/index.php (13)
2013/01/06 18:27:48 [error] [php] Use of undefined constant TESTIMONIAL - assumed 'TESTIMONIAL' (/var/www/yii/protected/views/testimonial/index.php:27)
Stack trace:
#0 /home/rajib/Documents/Yii Framework/yii/framework/web/CController.php(869): TestimonialController->renderFile()
#1 /home/rajib/Documents/Yii Framework/yii/framework/web/CController.php(782): TestimonialController->renderPartial()
#2 /var/www/yii/protected/controllers/TestimonialController.php(7): TestimonialController->render()
#3 /home/rajib/Documents/Yii Framework/yii/framework/web/actions/CInlineAction.php(49): TestimonialController->actionIndex()
#4 /home/rajib/Documents/Yii Framework/yii/framework/web/CController.php(308): CInlineAction->runWithParams()
#5 /home/rajib/Documents/Yii Framework/yii/framework/web/CController.php(286): TestimonialController->runAction()
#6 /home/rajib/Documents/Yii Framework/yii/framework/web/CController.php(265): TestimonialController->runActionWithFilters()
#7 /home/rajib/Documents/Yii Framework/yii/framework/web/CWebApplication.php(282): TestimonialController->run()
#8 /home/rajib/Documents/Yii Framework/yii/framework/web/CWebApplication.php(141): CWebApplication->runController()
#9 /home/rajib/Documents/Yii Framework/yii/framework/base/CApplication.php(169): CWebApplication->processRequest()
#10 /var/www/yii/index.php(13): CWebApplication->run()
REQUEST_URI=/yii/index.php?r=Testimonial
in /var/www/yii/protected/views/testimonial/index.php (27)
in /var/www/yii/protected/controllers/TestimonialController.php (7)
in /var/www/yii/index.php (13)
2013/01/06 23:59:08 [error] [system.db.CDbCommand] CDbCommand::fetchAll() failed: SQLSTATE[42S02]: Base table or view not found: 1146 Table 'yii.user' doesn't exist. The SQL statement executed was: SHOW FULL COLUMNS FROM `user`.
in /var/www/yii/index.php (13)
2013/01/07 00:00:07 [error] [system.db.CDbCommand] CDbCommand::fetchAll() failed: SQLSTATE[42S02]: Base table or view not found: 1146 Table 'yii.user' doesn't exist. The SQL statement executed was: SHOW FULL COLUMNS FROM `user`.
in /var/www/yii/index.php (13)
2013/01/07 00:00:35 [error] [system.db.CDbCommand] CDbCommand::fetchAll() failed: SQLSTATE[42S02]: Base table or view not found: 1146 Table 'yii.lookup' doesn't exist. The SQL statement executed was: SHOW FULL COLUMNS FROM `lookup`.
in /var/www/yii/index.php (13)
2013/01/07 00:00:46 [error] [system.db.CDbCommand] CDbCommand::fetchAll() failed: SQLSTATE[42S02]: Base table or view not found: 1146 Table 'yii.lookup' doesn't exist. The SQL statement executed was: SHOW FULL COLUMNS FROM `lookup`.
in /var/www/yii/index.php (13)
